<?xml version="1.0" encoding="UTF-8"?>
<!-- Generated by org.testng.reporters.JUnitReportReporter -->
<testsuite hostname="DESKTOP-63KNA44" name="Execution.Exec" tests="1" failures="0" timestamp="22 Jun 2018 19:19:05 GMT" time="39.448" errors="0">
  <testcase name="Execution" time="39.448" classname="Execution.Exec"/>
</testsuite> <!-- Execution.Exec -->
