<?xml version="1.0" encoding="UTF-8"?>
<!-- Generated by org.testng.reporters.JUnitReportReporter -->
<testsuite hostname="DESKTOP-63KNA44" name="selenium.Perameters1Test" tests="1" failures="0" timestamp="7 Jun 2018 18:47:01 GMT" time="0.018" errors="0">
  <testcase name="m" time="0.018" classname="selenium.Perameters1Test"/>
</testsuite> <!-- selenium.Perameters1Test -->
